{"/Users/seki/code/Web-Dev-Fullstack/exam-web/exam/backend/app.js": {"path":"/Users/seki/code/Web-Dev-Fullstack/exam-web/exam/backend/app.js","statementMap":{"0":{"start":{"line":1,"column":16},"end":{"line":1,"column":34}},"1":{"start":{"line":2,"column":18},"end":{"line":2,"column":40}},"2":{"start":{"line":3,"column":13},"end":{"line":3,"column":28}},"3":{"start":{"line":4,"column":18},"end":{"line":4,"column":48}},"4":{"start":{"line":5,"column":18},"end":{"line":5,"column":48}},"5":{"start":{"line":6,"column":0},"end":{"line":6,"column":27}},"6":{"start":{"line":10,"column":0},"end":{"line":10,"column":12}},"7":{"start":{"line":12,"column":12},"end":{"line":12,"column":21}},"8":{"start":{"line":15,"column":0},"end":{"line":15,"column":16}},"9":{"start":{"line":16,"column":0},"end":{"line":16,"column":24}},"10":{"start":{"line":20,"column":0},"end":{"line":20,"column":33}},"11":{"start":{"line":21,"column":0},"end":{"line":21,"column":33}},"12":{"start":{"line":24,"column":0},"end":{"line":24,"column":21}}},"fnMap":{},"branchMap":{},"s":{"0":2,"1":2,"2":2,"3":2,"4":2,"5":2,"6":2,"7":2,"8":2,"9":2,"10":2,"11":2,"12":2},"f":{},"b":{},"_coverageSchema":"1a1c01bbd47fc00a2c39e90264f33305004495a9","hash":"fccd50ef7e1215f54987526fdb246bdecc45c137"}
,"/Users/seki/code/Web-Dev-Fullstack/exam-web/exam/backend/config/db.js": {"path":"/Users/seki/code/Web-Dev-Fullstack/exam-web/exam/backend/config/db.js","statementMap":{"0":{"start":{"line":1,"column":17},"end":{"line":1,"column":36}},"1":{"start":{"line":3,"column":18},"end":{"line":11,"column":1}},"2":{"start":{"line":4,"column":2},"end":{"line":10,"column":3}},"3":{"start":{"line":5,"column":17},"end":{"line":5,"column":62}},"4":{"start":{"line":6,"column":4},"end":{"line":6,"column":62}},"5":{"start":{"line":8,"column":4},"end":{"line":8,"column":23}},"6":{"start":{"line":9,"column":4},"end":{"line":9,"column":20}},"7":{"start":{"line":13,"column":0},"end":{"line":13,"column":27}}},"fnMap":{"0":{"name":"(anonymous_0)","decl":{"start":{"line":3,"column":18},"end":{"line":3,"column":19}},"loc":{"start":{"line":3,"column":30},"end":{"line":11,"column":1}},"line":3}},"branchMap":{},"s":{"0":2,"1":2,"2":2,"3":2,"4":2,"5":0,"6":0,"7":2},"f":{"0":2},"b":{},"_coverageSchema":"1a1c01bbd47fc00a2c39e90264f33305004495a9","hash":"4a6d7029e44e13b428f5683ac7c33c6e991c4420"}
,"/Users/seki/code/Web-Dev-Fullstack/exam-web/exam/backend/controllers/goalController.js": {"path":"/Users/seki/code/Web-Dev-Fullstack/exam-web/exam/backend/controllers/goalController.js","statementMap":{"0":{"start":{"line":1,"column":17},"end":{"line":1,"column":36}},"1":{"start":{"line":2,"column":13},"end":{"line":2,"column":43}},"2":{"start":{"line":5,"column":20},"end":{"line":15,"column":1}},"3":{"start":{"line":6,"column":18},"end":{"line":6,"column":30}},"4":{"start":{"line":8,"column":2},"end":{"line":14,"column":3}},"5":{"start":{"line":9,"column":18},"end":{"line":9,"column":44}},"6":{"start":{"line":10,"column":4},"end":{"line":10,"column":32}},"7":{"start":{"line":12,"column":4},"end":{"line":12,"column":25}},"8":{"start":{"line":13,"column":4},"end":{"line":13,"column":51}},"9":{"start":{"line":18,"column":19},"end":{"line":39,"column":1}},"10":{"start":{"line":19,"column":57},"end":{"line":19,"column":65}},"11":{"start":{"line":21,"column":4},"end":{"line":38,"column":3}},"12":{"start":{"line":23,"column":20},"end":{"line":23,"column":32}},"13":{"start":{"line":25,"column":20},"end":{"line":31,"column":6}},"14":{"start":{"line":33,"column":4},"end":{"line":33,"column":25}},"15":{"start":{"line":35,"column":4},"end":{"line":35,"column":34}},"16":{"start":{"line":37,"column":4},"end":{"line":37,"column":51}},"17":{"start":{"line":42,"column":19},"end":{"line":57,"column":1}},"18":{"start":{"line":43,"column":19},"end":{"line":43,"column":29}},"19":{"start":{"line":45,"column":4},"end":{"line":56,"column":3}},"20":{"start":{"line":46,"column":20},"end":{"line":46,"column":32}},"21":{"start":{"line":47,"column":17},"end":{"line":47,"column":73}},"22":{"start":{"line":49,"column":4},"end":{"line":51,"column":5}},"23":{"start":{"line":50,"column":6},"end":{"line":50,"column":63}},"24":{"start":{"line":52,"column":4},"end":{"line":52,"column":31}},"25":{"start":{"line":54,"column":4},"end":{"line":54,"column":25}},"26":{"start":{"line":55,"column":4},"end":{"line":55,"column":51}},"27":{"start":{"line":60,"column":19},"end":{"line":74,"column":1}},"28":{"start":{"line":61,"column":18},"end":{"line":61,"column":30}},"29":{"start":{"line":62,"column":17},"end":{"line":62,"column":27}},"30":{"start":{"line":63,"column":2},"end":{"line":73,"column":3}},"31":{"start":{"line":64,"column":20},"end":{"line":64,"column":32}},"32":{"start":{"line":65,"column":17},"end":{"line":65,"column":76}},"33":{"start":{"line":66,"column":4},"end":{"line":68,"column":5}},"34":{"start":{"line":67,"column":6},"end":{"line":67,"column":65}},"35":{"start":{"line":69,"column":4},"end":{"line":69,"column":67}},"36":{"start":{"line":71,"column":4},"end":{"line":71,"column":25}},"37":{"start":{"line":72,"column":4},"end":{"line":72,"column":52}},"38":{"start":{"line":77,"column":19},"end":{"line":97,"column":1}},"39":{"start":{"line":78,"column":18},"end":{"line":78,"column":30}},"40":{"start":{"line":79,"column":17},"end":{"line":79,"column":27}},"41":{"start":{"line":80,"column":55},"end":{"line":80,"column":63}},"42":{"start":{"line":82,"column":2},"end":{"line":96,"column":3}},"43":{"start":{"line":83,"column":17},"end":{"line":87,"column":5}},"44":{"start":{"line":89,"column":4},"end":{"line":91,"column":5}},"45":{"start":{"line":90,"column":6},"end":{"line":90,"column":63}},"46":{"start":{"line":93,"column":4},"end":{"line":93,"column":31}},"47":{"start":{"line":95,"column":4},"end":{"line":95,"column":51}},"48":{"start":{"line":99,"column":0},"end":{"line":105,"column":2}}},"fnMap":{"0":{"name":"(anonymous_0)","decl":{"start":{"line":5,"column":20},"end":{"line":5,"column":21}},"loc":{"start":{"line":5,"column":40},"end":{"line":15,"column":1}},"line":5},"1":{"name":"(anonymous_1)","decl":{"start":{"line":18,"column":19},"end":{"line":18,"column":20}},"loc":{"start":{"line":18,"column":39},"end":{"line":39,"column":1}},"line":18},"2":{"name":"(anonymous_2)","decl":{"start":{"line":42,"column":19},"end":{"line":42,"column":20}},"loc":{"start":{"line":42,"column":39},"end":{"line":57,"column":1}},"line":42},"3":{"name":"(anonymous_3)","decl":{"start":{"line":60,"column":19},"end":{"line":60,"column":20}},"loc":{"start":{"line":60,"column":39},"end":{"line":74,"column":1}},"line":60},"4":{"name":"(anonymous_4)","decl":{"start":{"line":77,"column":19},"end":{"line":77,"column":20}},"loc":{"start":{"line":77,"column":39},"end":{"line":97,"column":1}},"line":77}},"branchMap":{"0":{"loc":{"start":{"line":49,"column":4},"end":{"line":51,"column":5}},"type":"if","locations":[{"start":{"line":49,"column":4},"end":{"line":51,"column":5}},{"start":{},"end":{}}],"line":49},"1":{"loc":{"start":{"line":66,"column":4},"end":{"line":68,"column":5}},"type":"if","locations":[{"start":{"line":66,"column":4},"end":{"line":68,"column":5}},{"start":{},"end":{}}],"line":66},"2":{"loc":{"start":{"line":89,"column":4},"end":{"line":91,"column":5}},"type":"if","locations":[{"start":{"line":89,"column":4},"end":{"line":91,"column":5}},{"start":{},"end":{}}],"line":89}},"s":{"0":2,"1":2,"2":2,"3":1,"4":1,"5":1,"6":1,"7":0,"8":0,"9":2,"10":6,"11":6,"12":6,"13":6,"14":6,"15":6,"16":0,"17":2,"18":1,"19":1,"20":1,"21":1,"22":1,"23":0,"24":1,"25":0,"26":0,"27":2,"28":1,"29":1,"30":1,"31":1,"32":1,"33":1,"34":0,"35":1,"36":0,"37":0,"38":2,"39":1,"40":1,"41":1,"42":1,"43":1,"44":1,"45":0,"46":1,"47":0,"48":2},"f":{"0":1,"1":6,"2":1,"3":1,"4":1},"b":{"0":[0,1],"1":[0,1],"2":[0,1]},"_coverageSchema":"1a1c01bbd47fc00a2c39e90264f33305004495a9","hash":"fc0527474fc75b90f401a6dbc9da7dd75e35fe37"}
,"/Users/seki/code/Web-Dev-Fullstack/exam-web/exam/backend/controllers/userController.js": {"path":"/Users/seki/code/Web-Dev-Fullstack/exam-web/exam/backend/controllers/userController.js","statementMap":{"0":{"start":{"line":1,"column":13},"end":{"line":1,"column":43}},"1":{"start":{"line":2,"column":12},"end":{"line":2,"column":35}},"2":{"start":{"line":4,"column":20},"end":{"line":6,"column":1}},"3":{"start":{"line":5,"column":2},"end":{"line":5,"column":68}},"4":{"start":{"line":9,"column":18},"end":{"line":22,"column":1}},"5":{"start":{"line":10,"column":30},"end":{"line":10,"column":38}},"6":{"start":{"line":12,"column":2},"end":{"line":21,"column":3}},"7":{"start":{"line":13,"column":17},"end":{"line":13,"column":50}},"8":{"start":{"line":16,"column":18},"end":{"line":16,"column":39}},"9":{"start":{"line":18,"column":4},"end":{"line":18,"column":58}},"10":{"start":{"line":20,"column":4},"end":{"line":20,"column":51}},"11":{"start":{"line":25,"column":19},"end":{"line":38,"column":1}},"12":{"start":{"line":26,"column":70},"end":{"line":26,"column":78}},"13":{"start":{"line":28,"column":2},"end":{"line":37,"column":3}},"14":{"start":{"line":29,"column":17},"end":{"line":29,"column":91}},"15":{"start":{"line":32,"column":18},"end":{"line":32,"column":39}},"16":{"start":{"line":34,"column":4},"end":{"line":34,"column":58}},"17":{"start":{"line":36,"column":4},"end":{"line":36,"column":51}},"18":{"start":{"line":40,"column":0},"end":{"line":40,"column":43}}},"fnMap":{"0":{"name":"(anonymous_0)","decl":{"start":{"line":4,"column":20},"end":{"line":4,"column":21}},"loc":{"start":{"line":4,"column":29},"end":{"line":6,"column":1}},"line":4},"1":{"name":"(anonymous_1)","decl":{"start":{"line":9,"column":18},"end":{"line":9,"column":19}},"loc":{"start":{"line":9,"column":38},"end":{"line":22,"column":1}},"line":9},"2":{"name":"(anonymous_2)","decl":{"start":{"line":25,"column":19},"end":{"line":25,"column":20}},"loc":{"start":{"line":25,"column":39},"end":{"line":38,"column":1}},"line":25}},"branchMap":{},"s":{"0":2,"1":2,"2":2,"3":3,"4":2,"5":2,"6":2,"7":2,"8":1,"9":1,"10":1,"11":2,"12":3,"13":3,"14":3,"15":2,"16":2,"17":1,"18":2},"f":{"0":3,"1":2,"2":3},"b":{},"_coverageSchema":"1a1c01bbd47fc00a2c39e90264f33305004495a9","hash":"5a88c99fde4557e425b537a0b0a1f1d3e82ba8ce"}
,"/Users/seki/code/Web-Dev-Fullstack/exam-web/exam/backend/middleware/requireAuth.js": {"path":"/Users/seki/code/Web-Dev-Fullstack/exam-web/exam/backend/middleware/requireAuth.js","statementMap":{"0":{"start":{"line":1,"column":12},"end":{"line":1,"column":35}},"1":{"start":{"line":2,"column":13},"end":{"line":2,"column":43}},"2":{"start":{"line":4,"column":20},"end":{"line":23,"column":1}},"3":{"start":{"line":6,"column":31},"end":{"line":6,"column":42}},"4":{"start":{"line":8,"column":5},"end":{"line":10,"column":6}},"5":{"start":{"line":9,"column":7},"end":{"line":9,"column":78}},"6":{"start":{"line":12,"column":19},"end":{"line":12,"column":46}},"7":{"start":{"line":14,"column":5},"end":{"line":22,"column":6}},"8":{"start":{"line":15,"column":23},"end":{"line":15,"column":60}},"9":{"start":{"line":17,"column":7},"end":{"line":17,"column":60}},"10":{"start":{"line":18,"column":7},"end":{"line":18,"column":14}},"11":{"start":{"line":20,"column":7},"end":{"line":20,"column":26}},"12":{"start":{"line":21,"column":7},"end":{"line":21,"column":68}},"13":{"start":{"line":25,"column":0},"end":{"line":25,"column":29}}},"fnMap":{"0":{"name":"(anonymous_0)","decl":{"start":{"line":4,"column":20},"end":{"line":4,"column":21}},"loc":{"start":{"line":4,"column":46},"end":{"line":23,"column":1}},"line":4}},"branchMap":{"0":{"loc":{"start":{"line":8,"column":5},"end":{"line":10,"column":6}},"type":"if","locations":[{"start":{"line":8,"column":5},"end":{"line":10,"column":6}},{"start":{},"end":{}}],"line":8}},"s":{"0":2,"1":2,"2":2,"3":10,"4":10,"5":0,"6":10,"7":10,"8":10,"9":10,"10":10,"11":0,"12":0,"13":2},"f":{"0":10},"b":{"0":[0,10]},"_coverageSchema":"1a1c01bbd47fc00a2c39e90264f33305004495a9","hash":"125faabfdbe02482cdf46f3f0330d7a450f14d55"}
,"/Users/seki/code/Web-Dev-Fullstack/exam-web/exam/backend/models/goalModel.js": {"path":"/Users/seki/code/Web-Dev-Fullstack/exam-web/exam/backend/models/goalModel.js","statementMap":{"0":{"start":{"line":1,"column":17},"end":{"line":1,"column":36}},"1":{"start":{"line":4,"column":18},"end":{"line":17,"column":2}},"2":{"start":{"line":19,"column":0},"end":{"line":19,"column":51}}},"fnMap":{},"branchMap":{},"s":{"0":2,"1":2,"2":2},"f":{},"b":{},"_coverageSchema":"1a1c01bbd47fc00a2c39e90264f33305004495a9","hash":"c751e865933179e646f9725725e4a7cf5edca089"}
,"/Users/seki/code/Web-Dev-Fullstack/exam-web/exam/backend/models/userModel.js": {"path":"/Users/seki/code/Web-Dev-Fullstack/exam-web/exam/backend/models/userModel.js","statementMap":{"0":{"start":{"line":1,"column":17},"end":{"line":1,"column":36}},"1":{"start":{"line":2,"column":15},"end":{"line":2,"column":32}},"2":{"start":{"line":3,"column":18},"end":{"line":3,"column":38}},"3":{"start":{"line":5,"column":15},"end":{"line":5,"column":30}},"4":{"start":{"line":7,"column":19},"end":{"line":29,"column":2}},"5":{"start":{"line":32,"column":0},"end":{"line":56,"column":2}},"6":{"start":{"line":34,"column":4},"end":{"line":36,"column":5}},"7":{"start":{"line":35,"column":6},"end":{"line":35,"column":47}},"8":{"start":{"line":37,"column":4},"end":{"line":39,"column":5}},"9":{"start":{"line":38,"column":6},"end":{"line":38,"column":37}},"10":{"start":{"line":40,"column":4},"end":{"line":42,"column":5}},"11":{"start":{"line":41,"column":6},"end":{"line":41,"column":48}},"12":{"start":{"line":44,"column":19},"end":{"line":44,"column":48}},"13":{"start":{"line":46,"column":4},"end":{"line":48,"column":5}},"14":{"start":{"line":47,"column":6},"end":{"line":47,"column":42}},"15":{"start":{"line":50,"column":17},"end":{"line":50,"column":41}},"16":{"start":{"line":51,"column":17},"end":{"line":51,"column":50}},"17":{"start":{"line":53,"column":17},"end":{"line":53,"column":61}},"18":{"start":{"line":55,"column":4},"end":{"line":55,"column":16}},"19":{"start":{"line":59,"column":0},"end":{"line":75,"column":2}},"20":{"start":{"line":60,"column":4},"end":{"line":62,"column":5}},"21":{"start":{"line":61,"column":6},"end":{"line":61,"column":47}},"22":{"start":{"line":64,"column":17},"end":{"line":64,"column":46}},"23":{"start":{"line":65,"column":4},"end":{"line":67,"column":5}},"24":{"start":{"line":66,"column":6},"end":{"line":66,"column":37}},"25":{"start":{"line":69,"column":18},"end":{"line":69,"column":63}},"26":{"start":{"line":70,"column":4},"end":{"line":72,"column":5}},"27":{"start":{"line":71,"column":6},"end":{"line":71,"column":40}},"28":{"start":{"line":74,"column":4},"end":{"line":74,"column":16}},"29":{"start":{"line":77,"column":0},"end":{"line":77,"column":52}}},"fnMap":{"0":{"name":"(anonymous_0)","decl":{"start":{"line":32,"column":28},"end":{"line":32,"column":29}},"loc":{"start":{"line":32,"column":61},"end":{"line":56,"column":1}},"line":32},"1":{"name":"(anonymous_1)","decl":{"start":{"line":59,"column":27},"end":{"line":59,"column":28}},"loc":{"start":{"line":59,"column":60},"end":{"line":75,"column":1}},"line":59}},"branchMap":{"0":{"loc":{"start":{"line":34,"column":4},"end":{"line":36,"column":5}},"type":"if","locations":[{"start":{"line":34,"column":4},"end":{"line":36,"column":5}},{"start":{},"end":{}}],"line":34},"1":{"loc":{"start":{"line":34,"column":8},"end":{"line":34,"column":27}},"type":"binary-expr","locations":[{"start":{"line":34,"column":8},"end":{"line":34,"column":14}},{"start":{"line":34,"column":18},"end":{"line":34,"column":27}}],"line":34},"2":{"loc":{"start":{"line":37,"column":4},"end":{"line":39,"column":5}},"type":"if","locations":[{"start":{"line":37,"column":4},"end":{"line":39,"column":5}},{"start":{},"end":{}}],"line":37},"3":{"loc":{"start":{"line":40,"column":4},"end":{"line":42,"column":5}},"type":"if","locations":[{"start":{"line":40,"column":4},"end":{"line":42,"column":5}},{"start":{},"end":{}}],"line":40},"4":{"loc":{"start":{"line":46,"column":4},"end":{"line":48,"column":5}},"type":"if","locations":[{"start":{"line":46,"column":4},"end":{"line":48,"column":5}},{"start":{},"end":{}}],"line":46},"5":{"loc":{"start":{"line":60,"column":4},"end":{"line":62,"column":5}},"type":"if","locations":[{"start":{"line":60,"column":4},"end":{"line":62,"column":5}},{"start":{},"end":{}}],"line":60},"6":{"loc":{"start":{"line":60,"column":8},"end":{"line":60,"column":27}},"type":"binary-expr","locations":[{"start":{"line":60,"column":8},"end":{"line":60,"column":14}},{"start":{"line":60,"column":18},"end":{"line":60,"column":27}}],"line":60},"7":{"loc":{"start":{"line":65,"column":4},"end":{"line":67,"column":5}},"type":"if","locations":[{"start":{"line":65,"column":4},"end":{"line":67,"column":5}},{"start":{},"end":{}}],"line":65},"8":{"loc":{"start":{"line":70,"column":4},"end":{"line":72,"column":5}},"type":"if","locations":[{"start":{"line":70,"column":4},"end":{"line":72,"column":5}},{"start":{},"end":{}}],"line":70}},"s":{"0":2,"1":2,"2":2,"3":2,"4":2,"5":2,"6":3,"7":0,"8":3,"9":0,"10":3,"11":1,"12":2,"13":2,"14":0,"15":2,"16":2,"17":2,"18":2,"19":2,"20":2,"21":0,"22":2,"23":2,"24":0,"25":2,"26":2,"27":1,"28":1,"29":2},"f":{"0":3,"1":2},"b":{"0":[0,3],"1":[3,3],"2":[0,3],"3":[1,2],"4":[0,2],"5":[0,2],"6":[2,2],"7":[0,2],"8":[1,1]},"_coverageSchema":"1a1c01bbd47fc00a2c39e90264f33305004495a9","hash":"4278844db9d4425190b4abace940a404ce737f12"}
,"/Users/seki/code/Web-Dev-Fullstack/exam-web/exam/backend/routes/goalRouter.js": {"path":"/Users/seki/code/Web-Dev-Fullstack/exam-web/exam/backend/routes/goalRouter.js","statementMap":{"0":{"start":{"line":1,"column":16},"end":{"line":1,"column":34}},"1":{"start":{"line":2,"column":15},"end":{"line":2,"column":31}},"2":{"start":{"line":10,"column":4},"end":{"line":10,"column":44}},"3":{"start":{"line":11,"column":20},"end":{"line":11,"column":56}},"4":{"start":{"line":13,"column":0},"end":{"line":13,"column":24}},"5":{"start":{"line":15,"column":0},"end":{"line":15,"column":29}},"6":{"start":{"line":17,"column":0},"end":{"line":17,"column":29}},"7":{"start":{"line":19,"column":0},"end":{"line":19,"column":31}},"8":{"start":{"line":21,"column":0},"end":{"line":21,"column":34}},"9":{"start":{"line":23,"column":0},"end":{"line":23,"column":31}},"10":{"start":{"line":25,"column":0},"end":{"line":25,"column":24}}},"fnMap":{},"branchMap":{},"s":{"0":2,"1":2,"2":2,"3":2,"4":2,"5":2,"6":2,"7":2,"8":2,"9":2,"10":2},"f":{},"b":{},"_coverageSchema":"1a1c01bbd47fc00a2c39e90264f33305004495a9","hash":"b28e999b0bdafd04a85f220ccaa359797331eb0f"}
,"/Users/seki/code/Web-Dev-Fullstack/exam-web/exam/backend/routes/userRouter.js": {"path":"/Users/seki/code/Web-Dev-Fullstack/exam-web/exam/backend/routes/userRouter.js","statementMap":{"0":{"start":{"line":1,"column":16},"end":{"line":1,"column":34}},"1":{"start":{"line":2,"column":15},"end":{"line":2,"column":31}},"2":{"start":{"line":3,"column":34},"end":{"line":3,"column":74}},"3":{"start":{"line":6,"column":0},"end":{"line":6,"column":33}},"4":{"start":{"line":9,"column":0},"end":{"line":9,"column":35}},"5":{"start":{"line":11,"column":0},"end":{"line":11,"column":24}}},"fnMap":{},"branchMap":{},"s":{"0":2,"1":2,"2":2,"3":2,"4":2,"5":2},"f":{},"b":{},"_coverageSchema":"1a1c01bbd47fc00a2c39e90264f33305004495a9","hash":"4beeb16f79cfa28018763853388d7dabcda1c079"}
}
