TN:
SF:app.js
FNF:0
FNH:0
DA:1,2
DA:2,2
DA:3,2
DA:4,2
DA:5,2
DA:6,2
DA:10,2
DA:12,2
DA:15,2
DA:16,2
DA:20,2
DA:21,2
DA:24,2
LF:13
LH:13
BRF:0
BRH:0
end_of_record
TN:
SF:config/db.js
FN:3,(anonymous_0)
FNF:1
FNH:1
FNDA:2,(anonymous_0)
DA:1,2
DA:3,2
DA:4,2
DA:5,2
DA:6,2
DA:8,0
DA:9,0
DA:13,2
LF:8
LH:6
BRF:0
BRH:0
end_of_record
TN:
SF:controllers/goalController.js
FN:5,(anonymous_0)
FN:18,(anonymous_1)
FN:42,(anonymous_2)
FN:60,(anonymous_3)
FN:77,(anonymous_4)
FNF:5
FNH:5
FNDA:1,(anonymous_0)
FNDA:6,(anonymous_1)
FNDA:1,(anonymous_2)
FNDA:1,(anonymous_3)
FNDA:1,(anonymous_4)
DA:1,2
DA:2,2
DA:5,2
DA:6,1
DA:8,1
DA:9,1
DA:10,1
DA:12,0
DA:13,0
DA:18,2
DA:19,6
DA:21,6
DA:23,6
DA:25,6
DA:33,6
DA:35,6
DA:37,0
DA:42,2
DA:43,1
DA:45,1
DA:46,1
DA:47,1
DA:49,1
DA:50,0
DA:52,1
DA:54,0
DA:55,0
DA:60,2
DA:61,1
DA:62,1
DA:63,1
DA:64,1
DA:65,1
DA:66,1
DA:67,0
DA:69,1
DA:71,0
DA:72,0
DA:77,2
DA:78,1
DA:79,1
DA:80,1
DA:82,1
DA:83,1
DA:89,1
DA:90,0
DA:93,1
DA:95,0
DA:99,2
LF:49
LH:38
BRDA:49,0,0,0
BRDA:49,0,1,1
BRDA:66,1,0,0
BRDA:66,1,1,1
BRDA:89,2,0,0
BRDA:89,2,1,1
BRF:6
BRH:3
end_of_record
TN:
SF:controllers/userController.js
FN:4,(anonymous_0)
FN:9,(anonymous_1)
FN:25,(anonymous_2)
FNF:3
FNH:3
FNDA:3,(anonymous_0)
FNDA:2,(anonymous_1)
FNDA:3,(anonymous_2)
DA:1,2
DA:2,2
DA:4,2
DA:5,3
DA:9,2
DA:10,2
DA:12,2
DA:13,2
DA:16,1
DA:18,1
DA:20,1
DA:25,2
DA:26,3
DA:28,3
DA:29,3
DA:32,2
DA:34,2
DA:36,1
DA:40,2
LF:19
LH:19
BRF:0
BRH:0
end_of_record
TN:
SF:middleware/requireAuth.js
FN:4,(anonymous_0)
FNF:1
FNH:1
FNDA:10,(anonymous_0)
DA:1,2
DA:2,2
DA:4,2
DA:6,10
DA:8,10
DA:9,0
DA:12,10
DA:14,10
DA:15,10
DA:17,10
DA:18,10
DA:20,0
DA:21,0
DA:25,2
LF:14
LH:11
BRDA:8,0,0,0
BRDA:8,0,1,10
BRF:2
BRH:1
end_of_record
TN:
SF:models/goalModel.js
FNF:0
FNH:0
DA:1,2
DA:4,2
DA:19,2
LF:3
LH:3
BRF:0
BRH:0
end_of_record
TN:
SF:models/userModel.js
FN:32,(anonymous_0)
FN:59,(anonymous_1)
FNF:2
FNH:2
FNDA:3,(anonymous_0)
FNDA:2,(anonymous_1)
DA:1,2
DA:2,2
DA:3,2
DA:5,2
DA:7,2
DA:32,2
DA:34,3
DA:35,0
DA:37,3
DA:38,0
DA:40,3
DA:41,1
DA:44,2
DA:46,2
DA:47,0
DA:50,2
DA:51,2
DA:53,2
DA:55,2
DA:59,2
DA:60,2
DA:61,0
DA:64,2
DA:65,2
DA:66,0
DA:69,2
DA:70,2
DA:71,1
DA:74,1
DA:77,2
LF:30
LH:25
BRDA:34,0,0,0
BRDA:34,0,1,3
BRDA:34,1,0,3
BRDA:34,1,1,3
BRDA:37,2,0,0
BRDA:37,2,1,3
BRDA:40,3,0,1
BRDA:40,3,1,2
BRDA:46,4,0,0
BRDA:46,4,1,2
BRDA:60,5,0,0
BRDA:60,5,1,2
BRDA:60,6,0,2
BRDA:60,6,1,2
BRDA:65,7,0,0
BRDA:65,7,1,2
BRDA:70,8,0,1
BRDA:70,8,1,1
BRF:18
BRH:13
end_of_record
TN:
SF:routes/goalRouter.js
FNF:0
FNH:0
DA:1,2
DA:2,2
DA:10,2
DA:11,2
DA:13,2
DA:15,2
DA:17,2
DA:19,2
DA:21,2
DA:23,2
DA:25,2
LF:11
LH:11
BRF:0
BRH:0
end_of_record
TN:
SF:routes/userRouter.js
FNF:0
FNH:0
DA:1,2
DA:2,2
DA:3,2
DA:6,2
DA:9,2
DA:11,2
LF:6
LH:6
BRF:0
BRH:0
end_of_record
